<?xml version="1.0" encoding="UTF-8"?>
<!-- Generated by org.testng.reporters.JUnitXMLReporter -->
<testsuite hostname="PraveenN-BLD" ignored="2" name="Dashboard Application" tests="6" failures="1" timestamp="01 Jan 2020 18:00:11 GMT" time="0.047" errors="0">
  <testcase name="method5" time="0.016" classname="TestNG_Package.FirstTestNGScript"/>
  <testcase name="compose" time="0.0" classname="TestNG_Package.Dependencies"/>
  <testcase name="sentItems" time="0.0" classname="TestNG_Package.Dependencies">
    <failure type="java.lang.AssertionError">
      <![CDATA[java.lang.AssertionError
	at org.junit.Assert.fail(Assert.java:86)
	at org.junit.Assert.fail(Assert.java:95)
	at TestNG_Package.Dependencies.sentItems(Dependencies.java:19)
... Removed 25 stack frames]]>
    </failure>
  </testcase> <!-- sentItems -->
  <testcase name="method3" time="0.0" classname="TestNG_Package.FirstTestNGScript"/>
  <testcase name="method3" time="0.0" classname="TestNG_Package.FirstTestNGScript"/>
  <testcase name="method3" time="0.0" classname="TestNG_Package.FirstTestNGScript"/>
  <testcase name="trash" time="0.0" classname="TestNG_Package.Dependencies">
    <ignored/>
  </testcase> <!-- trash -->
  <testcase name="method4" time="0.0" classname="TestNG_Package.FirstTestNGScript">
    <ignored/>
  </testcase> <!-- method4 -->
</testsuite> <!-- Dashboard Application -->
