<?xml version="1.0" encoding="UTF-8"?>
<!-- Generated by org.testng.reporters.JUnitXMLReporter -->
<testsuite hostname="PraveenN-BLD" ignored="2" name="Default test" tests="1" failures="0" timestamp="27 Jan 2020 09:20:04 GMT" time="44.088" errors="0">
  <testcase name="login_Logout" time="44.072" classname="POM_Gmail.Gmail_TestScript"/>
  <testcase name="countSentItemsLinks" time="0.0" classname="POM_Gmail.Gmail_TestScript">
    <ignored/>
  </testcase> <!-- countSentItemsLinks -->
  <testcase name="sendEmail" time="0.0" classname="POM_Gmail.Gmail_TestScript">
    <ignored/>
  </testcase> <!-- sendEmail -->
</testsuite> <!-- Default test -->
