<?xml version="1.0" encoding="UTF-8"?>
<!-- Generated by org.testng.reporters.JUnitXMLReporter -->
<testsuite hostname="PraveenN-BLD" ignored="0" name="Test" tests="3" failures="1" timestamp="21 Jan 2020 13:06:51 GMT" time="10.504" errors="0">
  <testcase name="test1" time="10.485" classname="TestNG_Package.TestNGListenerEvent"/>
  <testcase name="test2" time="0.002" classname="TestNG_Package.TestNGListenerEvent">
    <failure type="java.lang.AssertionError" message="null">
      <![CDATA[java.lang.AssertionError: null
	at TestNG_Package.TestNGListenerEvent.test2(TestNGListenerEvent.java:26)
... Removed 27 stack frames]]>
    </failure>
  </testcase> <!-- test2 -->
  <testcase name="test3" time="0.0" classname="TestNG_Package.TestNGListenerEvent">
    <skipped/>
  </testcase> <!-- test3 -->
</testsuite> <!-- Test -->
