<?xml version="1.0" encoding="UTF-8"?>
<!-- Generated by org.testng.reporters.JUnitXMLReporter -->
<testsuite hostname="PraveenN-BLD" ignored="0" name="Dashboard" tests="2" failures="1" timestamp="01 Jan 2020 15:08:09 GMT" time="0.015" errors="0">
  <testcase name="method1" time="0.0" classname="TestNG_Package.FirstTestNGScript"/>
  <testcase name="method2" time="0.0" classname="TestNG_Package.FirstTestNGScript">
    <failure type="java.lang.AssertionError" message="null">
      <![CDATA[java.lang.AssertionError: null
	at TestNG_Package.FirstTestNGScript.method2(FirstTestNGScript.java:19)
... Removed 27 stack frames]]>
    </failure>
  </testcase> <!-- method2 -->
</testsuite> <!-- Dashboard -->
